This file contains any messages produced by compilers while
running configure, to aid debugging if configure makes a mistake.

It was created by statsite configure 0.0.1, which was
generated by GNU Autoconf 2.69.  Invocation command line was

  $ ./configure 

## --------- ##
## Platform. ##
## --------- ##

hostname = debian-jessie
uname -m = x86_64
uname -r = 3.16.0-4-amd64
uname -s = Linux
uname -v = #1 SMP Debian 3.16.7-ckt20-1+deb8u3 (2016-01-17)

/usr/bin/uname -p = unknown
/bin/uname -X     = unknown

/bin/arch              = unknown
/usr/bin/arch -k       = unknown
/usr/convex/getsysinfo = unknown
/usr/bin/hostinfo      = unknown
/bin/machine           = unknown
/usr/bin/oslevel       = unknown
/bin/universe          = unknown

PATH: /usr/local/bin
PATH: /usr/bin
PATH: /bin
PATH: /usr/local/games
PATH: /usr/games


## ----------- ##
## Core tests. ##
## ----------- ##

configure:2157: checking for a BSD-compatible install
configure:2225: result: ac_config/install-sh -c
configure:2236: checking whether build environment is sane
configure:2291: result: yes
configure:2442: checking for a thread-safe mkdir -p
configure:2481: result: /bin/mkdir -p
configure:2488: checking for gawk
configure:2518: result: no
configure:2488: checking for mawk
configure:2504: found /usr/bin/mawk
configure:2515: result: mawk
configure:2526: checking whether make sets $(MAKE)
configure:2548: result: yes
configure:2577: checking whether make supports nested variables
configure:2594: result: yes
configure:2769: checking for gcc
configure:2785: found /usr/bin/gcc
configure:2796: result: gcc
configure:3025: checking for C compiler version
configure:3034: gcc --version >&5
gcc (Debian 4.9.2-10) 4.9.2
Copyright (C) 2014 Free Software Foundation, Inc.
This is free software; see the source for copying conditions.  There is NO
warranty; not even for MERCHANTABILITY or FITNESS FOR A PARTICULAR PURPOSE.

configure:3045: $? = 0
configure:3034: gcc -v >&5
Using built-in specs.
COLLECT_GCC=gcc
COLLECT_LTO_WRAPPER=/usr/lib/gcc/x86_64-linux-gnu/4.9/lto-wrapper
Target: x86_64-linux-gnu
Configured with: ../src/configure -v --with-pkgversion='Debian 4.9.2-10' --with-bugurl=file:///usr/share/doc/gcc-4.9/README.Bugs --enable-languages=c,c++,java,go,d,fortran,objc,obj-c++ --prefix=/usr --program-suffix=-4.9 --enable-shared --enable-linker-build-id --libexecdir=/usr/lib --without-included-gettext --enable-threads=posix --with-gxx-include-dir=/usr/include/c++/4.9 --libdir=/usr/lib --enable-nls --with-sysroot=/ --enable-clocale=gnu --enable-libstdcxx-debug --enable-libstdcxx-time=yes --enable-gnu-unique-object --disable-vtable-verify --enable-plugin --with-system-zlib --disable-browser-plugin --enable-java-awt=gtk --enable-gtk-cairo --with-java-home=/usr/lib/jvm/java-1.5.0-gcj-4.9-amd64/jre --enable-java-home --with-jvm-root-dir=/usr/lib/jvm/java-1.5.0-gcj-4.9-amd64 --with-jvm-jar-dir=/usr/lib/jvm-exports/java-1.5.0-gcj-4.9-amd64 --with-arch-directory=amd64 --with-ecj-jar=/usr/share/java/eclipse-ecj.jar --enable-objc-gc --enable-multiarch --with-arch-32=i586 --with-abi=m64 --with-multilib-list=m32,m64,mx32 --enable-multilib --with-tune=generic --enable-checking=release --build=x86_64-linux-gnu --host=x86_64-linux-gnu --target=x86_64-linux-gnu
Thread model: posix
gcc version 4.9.2 (Debian 4.9.2-10) 
configure:3045: $? = 0
configure:3034: gcc -V >&5
gcc: error: unrecognized command line option '-V'
gcc: fatal error: no input files
compilation terminated.
configure:3045: $? = 4
configure:3034: gcc -qversion >&5
gcc: error: unrecognized command line option '-qversion'
gcc: fatal error: no input files
compilation terminated.
configure:3045: $? = 4
configure:3065: checking whether the C compiler works
configure:3087: gcc    conftest.c  >&5
configure:3091: $? = 0
configure:3139: result: yes
configure:3142: checking for C compiler default output file name
configure:3144: result: a.out
configure:3150: checking for suffix of executables
configure:3157: gcc -o conftest    conftest.c  >&5
configure:3161: $? = 0
configure:3183: result: 
configure:3205: checking whether we are cross compiling
configure:3213: gcc -o conftest    conftest.c  >&5
configure:3217: $? = 0
configure:3224: ./conftest
configure:3228: $? = 0
configure:3243: result: no
configure:3248: checking for suffix of object files
configure:3270: gcc -c   conftest.c >&5
configure:3274: $? = 0
configure:3295: result: o
configure:3299: checking whether we are using the GNU C compiler
configure:3318: gcc -c   conftest.c >&5
configure:3318: $? = 0
configure:3327: result: yes
configure:3336: checking whether gcc accepts -g
configure:3356: gcc -c -g  conftest.c >&5
configure:3356: $? = 0
configure:3397: result: yes
configure:3414: checking for gcc option to accept ISO C89
configure:3477: gcc  -c -g -O2  conftest.c >&5
configure:3477: $? = 0
configure:3490: result: none needed
configure:3515: checking whether gcc understands -c and -o together
configure:3537: gcc -c conftest.c -o conftest2.o
configure:3540: $? = 0
configure:3537: gcc -c conftest.c -o conftest2.o
configure:3540: $? = 0
configure:3552: result: yes
configure:3580: checking for style of include used by make
configure:3608: result: GNU
configure:3634: checking dependency style of gcc
configure:3745: result: gcc3
configure:3791: checking build system type
configure:3805: result: x86_64-unknown-linux-gnu
configure:3825: checking host system type
configure:3838: result: x86_64-unknown-linux-gnu
configure:3879: checking how to print strings
configure:3906: result: printf
configure:3927: checking for a sed that does not truncate output
configure:3991: result: /bin/sed
configure:4009: checking for grep that handles long lines and -e
configure:4067: result: /bin/grep
configure:4072: checking for egrep
configure:4134: result: /bin/grep -E
configure:4139: checking for fgrep
configure:4201: result: /bin/grep -F
configure:4236: checking for ld used by gcc
configure:4303: result: /usr/bin/ld
configure:4310: checking if the linker (/usr/bin/ld) is GNU ld
configure:4325: result: yes
configure:4337: checking for BSD- or MS-compatible name lister (nm)
configure:4386: result: /usr/bin/nm -B
configure:4516: checking the name lister (/usr/bin/nm -B) interface
configure:4523: gcc -c -g -O2  conftest.c >&5
configure:4526: /usr/bin/nm -B "conftest.o"
configure:4529: output
0000000000000000 B some_variable
configure:4536: result: BSD nm
configure:4539: checking whether ln -s works
configure:4543: result: yes
configure:4551: checking the maximum length of command line arguments
configure:4682: result: 1572864
configure:4699: checking whether the shell understands some XSI constructs
configure:4709: result: yes
configure:4713: checking whether the shell understands "+="
configure:4719: result: yes
configure:4754: checking how to convert x86_64-unknown-linux-gnu file names to x86_64-unknown-linux-gnu format
configure:4794: result: func_convert_file_noop
configure:4801: checking how to convert x86_64-unknown-linux-gnu file names to toolchain format
configure:4821: result: func_convert_file_noop
configure:4828: checking for /usr/bin/ld option to reload object files
configure:4835: result: -r
configure:4909: checking for objdump
configure:4925: found /usr/bin/objdump
configure:4936: result: objdump
configure:4968: checking how to recognize dependent libraries
configure:5166: result: pass_all
configure:5251: checking for dlltool
configure:5281: result: no
configure:5311: checking how to associate runtime and link libraries
configure:5338: result: printf %s\n
configure:5399: checking for ar
configure:5415: found /usr/bin/ar
configure:5426: result: ar
configure:5463: checking for archiver @FILE support
configure:5480: gcc -c -g -O2  conftest.c >&5
configure:5480: $? = 0
configure:5483: ar cru libconftest.a @conftest.lst >&5
configure:5486: $? = 0
configure:5491: ar cru libconftest.a @conftest.lst >&5
ar: conftest.o: No such file or directory
configure:5494: $? = 1
configure:5506: result: @
configure:5564: checking for strip
configure:5580: found /usr/bin/strip
configure:5591: result: strip
configure:5663: checking for ranlib
configure:5679: found /usr/bin/ranlib
configure:5690: result: ranlib
configure:5792: checking command to parse /usr/bin/nm -B output from gcc object
configure:5912: gcc -c -g -O2  conftest.c >&5
configure:5915: $? = 0
configure:5919: /usr/bin/nm -B conftest.o \| sed -n -e 's/^.*[ ]\([ABCDGIRSTW][ABCDGIRSTW]*\)[ ][ ]*\([_A-Za-z][_A-Za-z0-9]*\)$/\1 \2 \2/p' | sed '/ __gnu_lto/d' \> conftest.nm
configure:5922: $? = 0
configure:5988: gcc -o conftest -g -O2   conftest.c conftstm.o >&5
configure:5991: $? = 0
configure:6029: result: ok
configure:6066: checking for sysroot
configure:6096: result: no
configure:6173: gcc -c -g -O2  conftest.c >&5
configure:6176: $? = 0
configure:6365: checking for mt
configure:6381: found /bin/mt
configure:6392: result: mt
configure:6415: checking if mt is a manifest tool
configure:6421: mt '-?'
configure:6429: result: no
configure:7071: checking how to run the C preprocessor
configure:7102: gcc -E  conftest.c
configure:7102: $? = 0
configure:7116: gcc -E  conftest.c
conftest.c:11:28: fatal error: ac_nonexistent.h: No such file or directory
 #include <ac_nonexistent.h>
                            ^
compilation terminated.
configure:7116: $? = 1
configure: failed program was:
| /* confdefs.h */
| #define PACKAGE_NAME "statsite"
| #define PACKAGE_TARNAME "statsite"
| #define PACKAGE_VERSION "0.0.1"
| #define PACKAGE_STRING "statsite 0.0.1"
| #define PACKAGE_BUGREPORT ""
| #define PACKAGE_URL ""
| #define PACKAGE "statsite"
| #define VERSION "0.0.1"
| /* end confdefs.h.  */
| #include <ac_nonexistent.h>
configure:7141: result: gcc -E
configure:7161: gcc -E  conftest.c
configure:7161: $? = 0
configure:7175: gcc -E  conftest.c
conftest.c:11:28: fatal error: ac_nonexistent.h: No such file or directory
 #include <ac_nonexistent.h>
                            ^
compilation terminated.
configure:7175: $? = 1
configure: failed program was:
| /* confdefs.h */
| #define PACKAGE_NAME "statsite"
| #define PACKAGE_TARNAME "statsite"
| #define PACKAGE_VERSION "0.0.1"
| #define PACKAGE_STRING "statsite 0.0.1"
| #define PACKAGE_BUGREPORT ""
| #define PACKAGE_URL ""
| #define PACKAGE "statsite"
| #define VERSION "0.0.1"
| /* end confdefs.h.  */
| #include <ac_nonexistent.h>
configure:7204: checking for ANSI C header files
configure:7224: gcc -c -g -O2  conftest.c >&5
configure:7224: $? = 0
configure:7297: gcc -o conftest -g -O2   conftest.c  >&5
configure:7297: $? = 0
configure:7297: ./conftest
configure:7297: $? = 0
configure:7308: result: yes
configure:7321: checking for sys/types.h
configure:7321: gcc -c -g -O2  conftest.c >&5
configure:7321: $? = 0
configure:7321: result: yes
configure:7321: checking for sys/stat.h
configure:7321: gcc -c -g -O2  conftest.c >&5
configure:7321: $? = 0
configure:7321: result: yes
configure:7321: checking for stdlib.h
configure:7321: gcc -c -g -O2  conftest.c >&5
configure:7321: $? = 0
configure:7321: result: yes
configure:7321: checking for string.h
configure:7321: gcc -c -g -O2  conftest.c >&5
configure:7321: $? = 0
configure:7321: result: yes
configure:7321: checking for memory.h
configure:7321: gcc -c -g -O2  conftest.c >&5
configure:7321: $? = 0
configure:7321: result: yes
configure:7321: checking for strings.h
configure:7321: gcc -c -g -O2  conftest.c >&5
configure:7321: $? = 0
configure:7321: result: yes
configure:7321: checking for inttypes.h
configure:7321: gcc -c -g -O2  conftest.c >&5
configure:7321: $? = 0
configure:7321: result: yes
configure:7321: checking for stdint.h
configure:7321: gcc -c -g -O2  conftest.c >&5
configure:7321: $? = 0
configure:7321: result: yes
configure:7321: checking for unistd.h
configure:7321: gcc -c -g -O2  conftest.c >&5
configure:7321: $? = 0
configure:7321: result: yes
configure:7335: checking for dlfcn.h
configure:7335: gcc -c -g -O2  conftest.c >&5
configure:7335: $? = 0
configure:7335: result: yes
configure:7541: checking for objdir
configure:7556: result: .libs
configure:7827: checking if gcc supports -fno-rtti -fno-exceptions
configure:7845: gcc -c -g -O2  -fno-rtti -fno-exceptions conftest.c >&5
cc1: warning: command line option '-fno-rtti' is valid for C++/ObjC++ but not for C
configure:7849: $? = 0
configure:7862: result: no
configure:8189: checking for gcc option to produce PIC
configure:8196: result: -fPIC -DPIC
configure:8204: checking if gcc PIC flag -fPIC -DPIC works
configure:8222: gcc -c -g -O2  -fPIC -DPIC -DPIC conftest.c >&5
configure:8226: $? = 0
configure:8239: result: yes
configure:8268: checking if gcc static flag -static works
configure:8296: result: yes
configure:8311: checking if gcc supports -c -o file.o
configure:8332: gcc -c -g -O2  -o out/conftest2.o conftest.c >&5
configure:8336: $? = 0
configure:8358: result: yes
configure:8366: checking if gcc supports -c -o file.o
configure:8413: result: yes
configure:8446: checking whether the gcc linker (/usr/bin/ld -m elf_x86_64) supports shared libraries
configure:9603: result: yes
configure:9640: checking whether -lc should be explicitly linked in
configure:9648: gcc -c -g -O2  conftest.c >&5
configure:9651: $? = 0
configure:9666: gcc -shared  -fPIC -DPIC conftest.o  -v -Wl,-soname -Wl,conftest -o conftest 2\>\&1 \| /bin/grep  -lc  \>/dev/null 2\>\&1
configure:9669: $? = 0
configure:9683: result: no
configure:9843: checking dynamic linker characteristics
configure:10343: gcc -o conftest -g -O2   -Wl,-rpath -Wl,/foo conftest.c  >&5
configure:10343: $? = 0
configure:10577: result: GNU/Linux ld.so
configure:10684: checking how to hardcode library paths into programs
configure:10709: result: immediate
configure:11249: checking whether stripping libraries is possible
configure:11254: result: yes
configure:11289: checking if libtool supports shared libraries
configure:11291: result: yes
configure:11294: checking whether to build shared libraries
configure:11315: result: yes
configure:11318: checking whether to build static libraries
configure:11322: result: yes
configure:11508: checking that generated files are newer than configure
configure:11514: result: done
configure:11537: creating ./config.status

## ---------------------- ##
## Running config.status. ##
## ---------------------- ##

This file was extended by statsite config.status 0.0.1, which was
generated by GNU Autoconf 2.69.  Invocation command line was

  CONFIG_FILES    = 
  CONFIG_HEADERS  = 
  CONFIG_LINKS    = 
  CONFIG_COMMANDS = 
  $ ./config.status 

on debian-jessie

config.status:1002: creating Makefile
config.status:1174: executing depfiles commands
config.status:1174: executing libtool commands

## ---------------- ##
## Cache variables. ##
## ---------------- ##

ac_cv_build=x86_64-unknown-linux-gnu
ac_cv_c_compiler_gnu=yes
ac_cv_env_CC_set=
ac_cv_env_CC_value=
ac_cv_env_CFLAGS_set=
ac_cv_env_CFLAGS_value=
ac_cv_env_CPPFLAGS_set=
ac_cv_env_CPPFLAGS_value=
ac_cv_env_CPP_set=
ac_cv_env_CPP_value=
ac_cv_env_LDFLAGS_set=
ac_cv_env_LDFLAGS_value=
ac_cv_env_LIBS_set=
ac_cv_env_LIBS_value=
ac_cv_env_build_alias_set=
ac_cv_env_build_alias_value=
ac_cv_env_host_alias_set=
ac_cv_env_host_alias_value=
ac_cv_env_target_alias_set=
ac_cv_env_target_alias_value=
ac_cv_header_dlfcn_h=yes
ac_cv_header_inttypes_h=yes
ac_cv_header_memory_h=yes
ac_cv_header_stdc=yes
ac_cv_header_stdint_h=yes
ac_cv_header_stdlib_h=yes
ac_cv_header_string_h=yes
ac_cv_header_strings_h=yes
ac_cv_header_sys_stat_h=yes
ac_cv_header_sys_types_h=yes
ac_cv_header_unistd_h=yes
ac_cv_host=x86_64-unknown-linux-gnu
ac_cv_objext=o
ac_cv_path_EGREP='/bin/grep -E'
ac_cv_path_FGREP='/bin/grep -F'
ac_cv_path_GREP=/bin/grep
ac_cv_path_SED=/bin/sed
ac_cv_path_mkdir=/bin/mkdir
ac_cv_prog_AWK=mawk
ac_cv_prog_CPP='gcc -E'
ac_cv_prog_ac_ct_AR=ar
ac_cv_prog_ac_ct_CC=gcc
ac_cv_prog_ac_ct_MANIFEST_TOOL=mt
ac_cv_prog_ac_ct_OBJDUMP=objdump
ac_cv_prog_ac_ct_RANLIB=ranlib
ac_cv_prog_ac_ct_STRIP=strip
ac_cv_prog_cc_c89=
ac_cv_prog_cc_g=yes
ac_cv_prog_make_make_set=yes
am_cv_CC_dependencies_compiler_type=gcc3
am_cv_make_support_nested_variables=yes
am_cv_prog_cc_c_o=yes
lt_cv_ar_at_file=@
lt_cv_archive_cmds_need_lc=no
lt_cv_deplibs_check_method=pass_all
lt_cv_file_magic_cmd='$MAGIC_CMD'
lt_cv_file_magic_test_file=
lt_cv_ld_reload_flag=-r
lt_cv_nm_interface='BSD nm'
lt_cv_objdir=.libs
lt_cv_path_LD=/usr/bin/ld
lt_cv_path_NM='/usr/bin/nm -B'
lt_cv_path_mainfest_tool=no
lt_cv_prog_compiler_c_o=yes
lt_cv_prog_compiler_pic='-fPIC -DPIC'
lt_cv_prog_compiler_pic_works=yes
lt_cv_prog_compiler_rtti_exceptions=no
lt_cv_prog_compiler_static_works=yes
lt_cv_prog_gnu_ld=yes
lt_cv_sharedlib_from_linklib_cmd='printf %s\n'
lt_cv_shlibpath_overrides_runpath=no
lt_cv_sys_global_symbol_pipe='sed -n -e '\''s/^.*[	 ]\([ABCDGIRSTW][ABCDGIRSTW]*\)[	 ][	 ]*\([_A-Za-z][_A-Za-z0-9]*\)$/\1 \2 \2/p'\'' | sed '\''/ __gnu_lto/d'\'''
lt_cv_sys_global_symbol_to_c_name_address='sed -n -e '\''s/^: \([^ ]*\)[ ]*$/  {\"\1\", (void *) 0},/p'\'' -e '\''s/^[ABCDGIRSTW]* \([^ ]*\) \([^ ]*\)$/  {"\2", (void *) \&\2},/p'\'''
lt_cv_sys_global_symbol_to_c_name_address_lib_prefix='sed -n -e '\''s/^: \([^ ]*\)[ ]*$/  {\"\1\", (void *) 0},/p'\'' -e '\''s/^[ABCDGIRSTW]* \([^ ]*\) \(lib[^ ]*\)$/  {"\2", (void *) \&\2},/p'\'' -e '\''s/^[ABCDGIRSTW]* \([^ ]*\) \([^ ]*\)$/  {"lib\2", (void *) \&\2},/p'\'''
lt_cv_sys_global_symbol_to_cdecl='sed -n -e '\''s/^T .* \(.*\)$/extern int \1();/p'\'' -e '\''s/^[ABCDGIRSTW]* .* \(.*\)$/extern char \1;/p'\'''
lt_cv_sys_max_cmd_len=1572864
lt_cv_to_host_file_cmd=func_convert_file_noop
lt_cv_to_tool_file_cmd=func_convert_file_noop

## ----------------- ##
## Output variables. ##
## ----------------- ##

ACLOCAL='${SHELL} /vagrant/ac_config/missing aclocal-1.14'
AMDEPBACKSLASH='\'
AMDEP_FALSE='#'
AMDEP_TRUE=''
AMTAR='$${TAR-tar}'
AM_BACKSLASH='\'
AM_DEFAULT_V='$(AM_DEFAULT_VERBOSITY)'
AM_DEFAULT_VERBOSITY='1'
AM_V='$(V)'
AR='ar'
AUTOCONF='${SHELL} /vagrant/ac_config/missing autoconf'
AUTOHEADER='${SHELL} /vagrant/ac_config/missing autoheader'
AUTOMAKE='${SHELL} /vagrant/ac_config/missing automake-1.14'
AWK='mawk'
CC='gcc'
CCDEPMODE='depmode=gcc3'
CFLAGS='-g -O2'
CPP='gcc -E'
CPPFLAGS=''
CYGPATH_W='echo'
DEFS='-DPACKAGE_NAME=\"statsite\" -DPACKAGE_TARNAME=\"statsite\" -DPACKAGE_VERSION=\"0.0.1\" -DPACKAGE_STRING=\"statsite\ 0.0.1\" -DPACKAGE_BUGREPORT=\"\" -DPACKAGE_URL=\"\" -DPACKAGE=\"statsite\" -DVERSION=\"0.0.1\" -DSTDC_HEADERS=1 -DHAVE_SYS_TYPES_H=1 -DHAVE_SYS_STAT_H=1 -DHAVE_STDLIB_H=1 -DHAVE_STRING_H=1 -DHAVE_MEMORY_H=1 -DHAVE_STRINGS_H=1 -DHAVE_INTTYPES_H=1 -DHAVE_STDINT_H=1 -DHAVE_UNISTD_H=1 -DHAVE_DLFCN_H=1 -DLT_OBJDIR=\".libs/\"'
DEPDIR='.deps'
DLLTOOL='false'
DSYMUTIL=''
DUMPBIN=''
ECHO_C=''
ECHO_N='-n'
ECHO_T=''
EGREP='/bin/grep -E'
EXEEXT=''
FGREP='/bin/grep -F'
GREP='/bin/grep'
INSTALL_DATA='${INSTALL} -m 644'
INSTALL_PROGRAM='${INSTALL}'
INSTALL_SCRIPT='${INSTALL}'
INSTALL_STRIP_PROGRAM='$(install_sh) -c -s'
LD='/usr/bin/ld -m elf_x86_64'
LDFLAGS=''
LIBOBJS=''
LIBS=''
LIBTOOL='$(SHELL) $(top_builddir)/libtool'
LIPO=''
LN_S='ln -s'
LTLIBOBJS=''
MAKEINFO='${SHELL} /vagrant/ac_config/missing makeinfo'
MANIFEST_TOOL=':'
MKDIR_P='/bin/mkdir -p'
NM='/usr/bin/nm -B'
NMEDIT=''
OBJDUMP='objdump'
OBJEXT='o'
OTOOL64=''
OTOOL=''
PACKAGE='statsite'
PACKAGE_BUGREPORT=''
PACKAGE_NAME='statsite'
PACKAGE_STRING='statsite 0.0.1'
PACKAGE_TARNAME='statsite'
PACKAGE_URL=''
PACKAGE_VERSION='0.0.1'
PATH_SEPARATOR=':'
RANLIB='ranlib'
SED='/bin/sed'
SET_MAKE=''
SHELL='/bin/bash'
STRIP='strip'
VERSION='0.0.1'
ac_ct_AR='ar'
ac_ct_CC='gcc'
ac_ct_DUMPBIN=''
am__EXEEXT_FALSE=''
am__EXEEXT_TRUE='#'
am__fastdepCC_FALSE='#'
am__fastdepCC_TRUE=''
am__include='include'
am__isrc=''
am__leading_dot='.'
am__nodep='_no'
am__quote=''
am__tar='$${TAR-tar} chof - "$$tardir"'
am__untar='$${TAR-tar} xf -'
bindir='${exec_prefix}/bin'
build='x86_64-unknown-linux-gnu'
build_alias=''
build_cpu='x86_64'
build_os='linux-gnu'
build_vendor='unknown'
datadir='${datarootdir}'
datarootdir='${prefix}/share'
docdir='${datarootdir}/doc/${PACKAGE_TARNAME}'
dvidir='${docdir}'
exec_prefix='${prefix}'
host='x86_64-unknown-linux-gnu'
host_alias=''
host_cpu='x86_64'
host_os='linux-gnu'
host_vendor='unknown'
htmldir='${docdir}'
includedir='${prefix}/include'
infodir='${datarootdir}/info'
install_sh='${SHELL} /vagrant/ac_config/install-sh'
libdir='${exec_prefix}/lib'
libexecdir='${exec_prefix}/libexec'
localedir='${datarootdir}/locale'
localstatedir='${prefix}/var'
mandir='${datarootdir}/man'
mkdir_p='$(MKDIR_P)'
oldincludedir='/usr/include'
pdfdir='${docdir}'
prefix='/usr/local'
program_transform_name='s,x,x,'
psdir='${docdir}'
sbindir='${exec_prefix}/sbin'
sharedstatedir='${prefix}/com'
sysconfdir='${prefix}/etc'
target_alias=''

## ----------- ##
## confdefs.h. ##
## ----------- ##

/* confdefs.h */
#define PACKAGE_NAME "statsite"
#define PACKAGE_TARNAME "statsite"
#define PACKAGE_VERSION "0.0.1"
#define PACKAGE_STRING "statsite 0.0.1"
#define PACKAGE_BUGREPORT ""
#define PACKAGE_URL ""
#define PACKAGE "statsite"
#define VERSION "0.0.1"
#define STDC_HEADERS 1
#define HAVE_SYS_TYPES_H 1
#define HAVE_SYS_STAT_H 1
#define HAVE_STDLIB_H 1
#define HAVE_STRING_H 1
#define HAVE_MEMORY_H 1
#define HAVE_STRINGS_H 1
#define HAVE_INTTYPES_H 1
#define HAVE_STDINT_H 1
#define HAVE_UNISTD_H 1
#define HAVE_DLFCN_H 1
#define LT_OBJDIR ".libs/"

configure: exit 0
